CRITICAL - 2022-07-01 06:59:39 --> Undefined variable $title
#0 C:\xampp\htdocs\tugas_akhir\ci4\app\Views\layout\index.php(12): CodeIgniter\Debug\Exceptions->errorHandler(2, 'Undefined varia...', 'C:\\xampp\\htdocs...', 12)
#1 C:\xampp\htdocs\tugas_akhir\ci4\system\View\View.php(210): include('C:\\xampp\\htdocs...')
#2 C:\xampp\htdocs\tugas_akhir\ci4\system\View\View.php(213): CodeIgniter\View\View->CodeIgniter\View\{closure}()
#3 C:\xampp\htdocs\tugas_akhir\ci4\system\View\View.php(226): CodeIgniter\View\View->render('layout/index', Array, true)
#4 C:\xampp\htdocs\tugas_akhir\ci4\system\Common.php(1089): CodeIgniter\View\View->render('/daftar/form_iu...', Array, true)
#5 C:\xampp\htdocs\tugas_akhir\ci4\app\Controllers\Home.php(240): view('/daftar/form_iu...')
#6 C:\xampp\htdocs\tugas_akhir\ci4\system\CodeIgniter.php(832): App\Controllers\Home->form_iuran()
#7 C:\xampp\htdocs\tugas_akhir\ci4\system\CodeIgniter.php(419): CodeIgniter\CodeIgniter->runController(Object(App\Controllers\Home))
#8 C:\xampp\htdocs\tugas_akhir\ci4\system\CodeIgniter.php(326): CodeIgniter\CodeIgniter->handleRequest(NULL, Object(Config\Cache), false)
#9 C:\xampp\htdocs\tugas_akhir\ci4\public\index.php(37): CodeIgniter\CodeIgniter->run()
#10 C:\xampp\htdocs\tugas_akhir\ci4\system\Commands\Server\rewrite.php(43): require_once('C:\\xampp\\htdocs...')
#11 {main}
CRITICAL - 2022-07-01 11:08:36 --> Undefined array key "id"
#0 C:\xampp\htdocs\tugas_akhir\ci4\app\Views\daftar\form_iuran.php(25): CodeIgniter\Debug\Exceptions->errorHandler(2, 'Undefined array...', 'C:\\xampp\\htdocs...', 25)
#1 C:\xampp\htdocs\tugas_akhir\ci4\system\View\View.php(210): include('C:\\xampp\\htdocs...')
#2 C:\xampp\htdocs\tugas_akhir\ci4\system\View\View.php(213): CodeIgniter\View\View->CodeIgniter\View\{closure}()
#3 C:\xampp\htdocs\tugas_akhir\ci4\system\Common.php(1089): CodeIgniter\View\View->render('/daftar/form_iu...', Array, true)
#4 C:\xampp\htdocs\tugas_akhir\ci4\app\Controllers\Home.php(240): view('/daftar/form_iu...', Array)
#5 C:\xampp\htdocs\tugas_akhir\ci4\system\CodeIgniter.php(832): App\Controllers\Home->form_iuran()
#6 C:\xampp\htdocs\tugas_akhir\ci4\system\CodeIgniter.php(419): CodeIgniter\CodeIgniter->runController(Object(App\Controllers\Home))
#7 C:\xampp\htdocs\tugas_akhir\ci4\system\CodeIgniter.php(326): CodeIgniter\CodeIgniter->handleRequest(NULL, Object(Config\Cache), false)
#8 C:\xampp\htdocs\tugas_akhir\ci4\public\index.php(37): CodeIgniter\CodeIgniter->run()
#9 C:\xampp\htdocs\tugas_akhir\ci4\system\Commands\Server\rewrite.php(43): require_once('C:\\xampp\\htdocs...')
#10 {main}
